[2026-07-06 16:43:17,248][__main__][INFO] - Adding /home/bera/fairo/polymetis/polymetis/build to $PATH
[2026-07-06 16:43:17,248][__main__][INFO] - Starting server
[2026-07-06 16:43:17,248][__main__][INFO] - Acquiring sudo...
[2026-07-06 16:43:17,565][__main__][INFO] - Starting robot client...
[2026-07-06 16:43:17,791][polymetis.robot_client.executable_robot_client][INFO] - === Config: ===
robot_ip: 192.168.131.41
control_ip: 0.0.0.0
control_port: 50051
readonly: false
mock: false
use_real_time: true
hz: 1000
num_dofs: 7
exec: franka_panda_client
robot_client_metadata_path: /tmp/tmpw1daldr5
load:
  mass: 0.0
  com:
  - 0.0
  - 0.0
  - 0.05
  inertia:
  - 0.001
  - 0.0
  - 0.0
  - 0.0
  - 0.001
  - 0.0
  - 0.0
  - 0.0
  - 0.001
limit_rate: true
lpf_cutoff_frequency: 100
limits:
  cartesian_pos_upper:
  - 0.98994949
  - 0.21213203
  - 1.0
  cartesian_pos_lower:
  - -0.21213203
  - -0.98994949
  - -0.05
  joint_pos_upper:
  - 2.6501
  - 1.6918
  - 2.8065
  - -0.2458
  - 2.7101
  - 4.4205
  - 2.9196
  joint_pos_lower:
  - -2.6501
  - -1.6918
  - -2.8065
  - -2.9481
  - -2.7101
  - 0.64092
  - -2.9196
  joint_vel:
  - 2.52
  - 2.52
  - 2.52
  - 2.52
  - 5.16
  - 4.08
  - 5.16
  elbow_vel: 2.52
  joint_torques:
  - 86.0
  - 86.0
  - 86.0
  - 86.0
  - 11.5
  - 11.5
  - 11.5
collision_behavior:
  lower_torque:
  - 40.0
  - 40.0
  - 40.0
  - 40.0
  - 40.0
  - 40.0
  - 40.0
  upper_torque:
  - 40.0
  - 40.0
  - 40.0
  - 40.0
  - 40.0
  - 40.0
  - 40.0
  lower_force:
  - 40.0
  - 40.0
  - 40.0
  - 40.0
  - 40.0
  - 40.0
  upper_force:
  - 40.0
  - 40.0
  - 40.0
  - 40.0
  - 40.0
  - 40.0
safety_controller:
  is_active: true
  margins:
    cartesian_pos: 0.05
    joint_pos: 0.2
    joint_vel: 0.5
  stiffness:
    cartesian_pos: 200.0
    joint_pos: 50.0
    joint_vel: 20.0

[2026-07-06 16:43:17,792][polymetis.robot_client.executable_robot_client][INFO] - === Executing client at /home/bera/fairo/polymetis/polymetis/build/franka_panda_client ===
[2026-07-06 16:47:12,397][__main__][INFO] - Using sudo to kill subprocess with pid 184575, pgid 184575...
